Using pre-set license
Built from '2020.3/staging' branch; Version is '2020.3.32f1 (12f8b0834f07) revision 1243312'; Using compiler version '192528614'; Build Type 'Release'
OS: 'Windows 10  (10.0.19044) 64bit CoreSingleLanguage' Language: 'pt' Physical Memory: 16145 MB
BatchMode: 1, IsHumanControllingUs: 0, StartBugReporterOnCrash: 0, Is64bit: 1, IsPro: 0

COMMAND LINE ARGUMENTS:
C:\Program Files\Unity\Hub\Editor\2020.3.32f1\Editor\Unity.exe
-adb2
-batchMode
-noUpm
-name
AssetImportWorker0
-projectPath
C:/Users/vinic/OneDrive - Fundação São Paulo/Documentos/GitHub/LookAway
-logFile
Logs/AssetImportWorker0.log
-srvPort
56250
Successfully changed project path to: C:/Users/vinic/OneDrive - Fundação São Paulo/Documentos/GitHub/LookAway
C:/Users/vinic/OneDrive - Fundação São Paulo/Documentos/GitHub/LookAway
Using Asset Import Pipeline V2.
Refreshing native plugins compatible for Editor in 160.93 ms, found 2 plugins.
Preloading 0 native plugins for Editor in 0.00 ms.
Initialize engine version: 2020.3.32f1 (12f8b0834f07)
[Subsystems] Discovering subsystems at path C:/Program Files/Unity/Hub/Editor/2020.3.32f1/Editor/Data/Resources/UnitySubsystems
[Subsystems] Discovering subsystems at path C:/Users/vinic/OneDrive - Fundação São Paulo/Documentos/GitHub/LookAway/Assets
GfxDevice: creating device client; threaded=0
Direct3D:
    Version:  Direct3D 11.0 [level 11.1]
    Renderer: NVIDIA GeForce GTX 1660 Ti (ID=0x2191)
    Vendor:   
    VRAM:     5991 MB
    Driver:   30.0.15.1179
Initialize mono
Mono path[0] = 'C:/Program Files/Unity/Hub/Editor/2020.3.32f1/Editor/Data/Managed'
Mono path[1] = 'C:/Program Files/Unity/Hub/Editor/2020.3.32f1/Editor/Data/MonoBleedingEdge/lib/mono/unityjit'
Mono config path = 'C:/Program Files/Unity/Hub/Editor/2020.3.32f1/Editor/Data/MonoBleedingEdge/etc'
Using monoOptions --debugger-agent=transport=dt_socket,embedding=1,server=y,suspend=n,address=127.0.0.1:56240
Begin MonoManager ReloadAssembly
Registering precompiled unity dll's ...
Register platform support module: C:/Program Files/Unity/Hub/Editor/2020.3.32f1/Editor/Data/PlaybackEngines/WindowsStandaloneSupport/UnityEditor.WindowsStandalone.Extensions.dll
Registered in 0.002800 seconds.
Native extension for WindowsStandalone target not found
Refreshing native plugins compatible for Editor in 107.37 ms, found 2 plugins.
Preloading 0 native plugins for Editor in 0.00 ms.
Mono: successfully reloaded assembly
- Completed reload, in  0.685 seconds
Domain Reload Profiling:
	ReloadAssembly (686ms)
		BeginReloadAssembly (90ms)
			ExecutionOrderSort (0ms)
			DisableScriptedObjects (0ms)
			BackupInstance (0ms)
			ReleaseScriptingObjects (0ms)
			CreateAndSetChildDomain (1ms)
		EndReloadAssembly (516ms)
			LoadAssemblies (83ms)
			RebuildTransferFunctionScriptingTraits (0ms)
			SetupTypeCache (156ms)
			ReleaseScriptCaches (0ms)
			RebuildScriptCaches (28ms)
			SetupLoadedEditorAssemblies (225ms)
				LogAssemblyErrors (0ms)
				InitializePlatformSupportModulesInManaged (4ms)
				SetLoadedEditorAssemblies (0ms)
				RefreshPlugins (107ms)
				BeforeProcessingInitializeOnLoad (15ms)
				ProcessInitializeOnLoadAttributes (71ms)
				ProcessInitializeOnLoadMethodAttributes (27ms)
				AfterProcessingInitializeOnLoad (0ms)
				EditorAssembliesLoaded (0ms)
			ExecutionOrderSort2 (0ms)
			AwakeInstancesAfterBackupRestoration (0ms)
Platform modules already initialized, skipping
Registering precompiled user dll's ...
Registered in 0.009290 seconds.
Begin MonoManager ReloadAssembly
Native extension for WindowsStandalone target not found
Refreshing native plugins compatible for Editor in 95.03 ms, found 2 plugins.
Preloading 0 native plugins for Editor in 0.00 ms.
Mono: successfully reloaded assembly
- Completed reload, in  1.324 seconds
Domain Reload Profiling:
	ReloadAssembly (1325ms)
		BeginReloadAssembly (147ms)
			ExecutionOrderSort (0ms)
			DisableScriptedObjects (4ms)
			BackupInstance (0ms)
			ReleaseScriptingObjects (0ms)
			CreateAndSetChildDomain (18ms)
		EndReloadAssembly (1117ms)
			LoadAssemblies (121ms)
			RebuildTransferFunctionScriptingTraits (0ms)
			SetupTypeCache (333ms)
			ReleaseScriptCaches (1ms)
			RebuildScriptCaches (61ms)
			SetupLoadedEditorAssemblies (491ms)
				LogAssemblyErrors (0ms)
				InitializePlatformSupportModulesInManaged (3ms)
				SetLoadedEditorAssemblies (0ms)
				RefreshPlugins (95ms)
				BeforeProcessingInitializeOnLoad (115ms)
				ProcessInitializeOnLoadAttributes (199ms)
				ProcessInitializeOnLoadMethodAttributes (71ms)
				AfterProcessingInitializeOnLoad (8ms)
				EditorAssembliesLoaded (0ms)
			ExecutionOrderSort2 (0ms)
			AwakeInstancesAfterBackupRestoration (6ms)
Platform modules already initialized, skipping
========================================================================
Worker process is ready to serve import requests
Launched and connected shader compiler UnityShaderCompiler.exe after 0.04 seconds
Refreshing native plugins compatible for Editor in 2.50 ms, found 2 plugins.
Preloading 0 native plugins for Editor in 0.00 ms.
Unloading 4324 Unused Serialized files (Serialized files now loaded: 0)
System memory in use before: 204.1 MB.
System memory in use after: 204.2 MB.

Unloading 63 unused Assets to reduce memory usage. Loaded Objects now: 4731.
Total: 9.227800 ms (FindLiveObjects: 0.681800 ms CreateObjectMapping: 0.530000 ms MarkObjects: 7.762200 ms  DeleteObjects: 0.247200 ms)

AssetImportParameters requested are different than current active one (requested -> active):
  custom:framework-win-MediaFoundation: 216162199b28c13a410421893ffa2e32 -> 
  custom:video-decoder-ogg-theora: a1e56fd34408186e4bbccfd4996cb3dc -> 
  custom:container-muxer-webm: aa71ff27fc2769a1b78a27578f13a17b -> 
  custom:container-demuxer-webm: 4f35f7cbe854078d1ac9338744f61a02 -> 
  custom:container-demuxer-ogg: 62fdf1f143b41e24485cea50d1cbac27 -> 
  custom:video-encoder-webm-vp8: eb34c28f22e8b96e1ab97ce403110664 -> 
  custom:video-codec-MediaFoundation-h265: 746d11721c4dcdbdad8f713fa42b33f4 -> 
  custom:video-decoder-webm-vp8: 9c59270c3fd7afecdb556c50c9e8de78 -> 
  custom:audio-decoder-ogg-vorbis: bf7c407c2cedff20999df2af8eb42d56 -> 
  custom:audio-encoder-webm-vorbis: bf7c407c2cedff20999df2af8eb42d56 -> 
========================================================================
Received Import Request.
  path: Assets/ForwardRenderer.asset
  artifactKey: Guid(7b4901d4df68def4b868927c3ea199fe) Importer(815301076,1909f56bfc062723c751e8b465ee728b)
Start importing Assets/ForwardRenderer.asset using Guid(7b4901d4df68def4b868927c3ea199fe) Importer(815301076,1909f56bfc062723c751e8b465ee728b)  -> (artifact id: 'd264dd56f2a022f6e76b335ad6452041') in 0.046340 seconds 
========================================================================
Received Import Request.
  Time since last request: 0.000290 seconds.
  path: Assets/LightweightRenderPipelineAsset.asset
  artifactKey: Guid(e6022151d2483234da21d9fc7bbec6a2) Importer(815301076,1909f56bfc062723c751e8b465ee728b)
Start importing Assets/LightweightRenderPipelineAsset.asset using Guid(e6022151d2483234da21d9fc7bbec6a2) Importer(815301076,1909f56bfc062723c751e8b465ee728b)  -> (artifact id: 'c889c7cd302cf6c112289db8ebe15236') in 0.014358 seconds 
========================================================================
Received Import Request.
  Time since last request: 0.000317 seconds.
  path: Assets/New Terrain.asset
  artifactKey: Guid(c641a123e23f40e48825b4291e493771) Importer(815301076,1909f56bfc062723c751e8b465ee728b)
Start importing Assets/New Terrain.asset using Guid(c641a123e23f40e48825b4291e493771) Importer(815301076,1909f56bfc062723c751e8b465ee728b) The tree Tree4Large must use the Nature/Soft Occlusion shader. Otherwise billboarding/lighting will not work correctly.
The tree Tree2Small must use the Nature/Soft Occlusion shader. Otherwise billboarding/lighting will not work correctly.
The tree Tree3Small must use the Nature/Soft Occlusion shader. Otherwise billboarding/lighting will not work correctly.
The tree default must use the Nature/Soft Occlusion shader. Otherwise billboarding/lighting will not work correctly.
The tree single must use the Nature/Soft Occlusion shader. Otherwise billboarding/lighting will not work correctly.
The tree Plant_5 must use the Nature/Soft Occlusion shader. Otherwise billboarding/lighting will not work correctly.
The tree Plant_5 must use the Nature/Soft Occlusion shader. Otherwise billboarding/lighting will not work correctly.
 -> (artifact id: '6a4ca5cd9911c840de117d663e998ad3') in 0.120280 seconds 
========================================================================
Received Import Request.
  Time since last request: 0.000262 seconds.
  path: Assets/HangGliderRed.fbx
  artifactKey: Guid(d0facc88550f1b540a4183d1d8cff8a3) Importer(815301076,1909f56bfc062723c751e8b465ee728b)
Start importing Assets/HangGliderRed.fbx using Guid(d0facc88550f1b540a4183d1d8cff8a3) Importer(815301076,1909f56bfc062723c751e8b465ee728b)  -> (artifact id: '843b367eee43d414fde3d83e9f7c4a10') in 0.741734 seconds 
========================================================================
Received Import Request.
  Time since last request: 0.000211 seconds.
  path: Assets/New Terrain Material.mat
  artifactKey: Guid(8a17e173b5adacf41902a83df20b718b) Importer(815301076,1909f56bfc062723c751e8b465ee728b)
Start importing Assets/New Terrain Material.mat using Guid(8a17e173b5adacf41902a83df20b718b) Importer(815301076,1909f56bfc062723c751e8b465ee728b)  -> (artifact id: '6090a2938b3328e8e4a28653dc050b52') in 0.506207 seconds 
========================================================================
Received Import Request.
  Time since last request: 0.000180 seconds.
  path: Assets/Torch.prefab
  artifactKey: Guid(07f8f0ed4cf5bc641828162d4a47c4f9) Importer(815301076,1909f56bfc062723c751e8b465ee728b)
Start importing Assets/Torch.prefab using Guid(07f8f0ed4cf5bc641828162d4a47c4f9) Importer(815301076,1909f56bfc062723c751e8b465ee728b)  -> (artifact id: 'bcf02a2c60c1a7f0c2eefc3f144bdfe4') in 0.014751 seconds 
========================================================================
Received Import Request.
  Time since last request: 10.792775 seconds.
  path: Assets/Models/shrineteto.fbx
  artifactKey: Guid(41a2b3aa9e63428419bbf56b056a3575) Importer(815301076,1909f56bfc062723c751e8b465ee728b)
Start importing Assets/Models/shrineteto.fbx using Guid(41a2b3aa9e63428419bbf56b056a3575) Importer(815301076,1909f56bfc062723c751e8b465ee728b)  -> (artifact id: '2b229578f5a413f4063fdccce25bd0f0') in 0.021670 seconds 
========================================================================
Received Import Request.
  Time since last request: 20.599741 seconds.
  path: Assets/Models/Escudo2v1.fbx
  artifactKey: Guid(4cbe4e576e18b8346944c926f12e21c9) Importer(815301076,1909f56bfc062723c751e8b465ee728b)
Start importing Assets/Models/Escudo2v1.fbx using Guid(4cbe4e576e18b8346944c926f12e21c9) Importer(815301076,1909f56bfc062723c751e8b465ee728b)  -> (artifact id: '514a311810b530a4c4efdb04b61aa63f') in 0.030534 seconds 
========================================================================
Received Import Request.
  Time since last request: 10.489718 seconds.
  path: Assets/Models/Escudo1.fbx
  artifactKey: Guid(4cbe4e576e18b8346944c926f12e21c9) Importer(815301076,1909f56bfc062723c751e8b465ee728b)
Start importing Assets/Models/Escudo1.fbx using Guid(4cbe4e576e18b8346944c926f12e21c9) Importer(815301076,1909f56bfc062723c751e8b465ee728b)  -> (artifact id: '433b892d2ff22d3c64ceea9ccec19b48') in 0.013849 seconds 
========================================================================
Received Import Request.
  Time since last request: 31.333236 seconds.
  path: Assets/Scenes/Menu.unity
  artifactKey: Guid(ebd3ca197794bb544baebe4c4709d560) Importer(815301076,1909f56bfc062723c751e8b465ee728b)
Start importing Assets/Scenes/Menu.unity using Guid(ebd3ca197794bb544baebe4c4709d560) Importer(815301076,1909f56bfc062723c751e8b465ee728b)  -> (artifact id: '1f9e2adcdfcb58a31c38f24261001766') in 0.002480 seconds 
AssetImportWorkerClient::OnTransportError - code=2 error=End of file
